<?xml version="1.0" encoding="UTF-8"?>
<!-- Generated by org.testng.reporters.JUnitXMLReporter -->
<testsuite hostname="ITEM-S94966" ignored="0" name="Test" tests="4" failures="0" timestamp="27 Oct 2020 06:14:08 GMT" time="40.46" errors="0">
  <testcase name="Googlesearch1" time="21.473" classname="SeleniumGrid.Grid.GoogleSearch"/>
  <testcase name="Googlesearch" time="22.158" classname="SeleniumGrid.Grid.GoogleSearch"/>
  <testcase name="Googlesearch2" time="27.08" classname="SeleniumGrid.Grid.GoogleSearch"/>
  <testcase name="Googlesearch3" time="18.953" classname="SeleniumGrid.Grid.GoogleSearch"/>
</testsuite> <!-- Test -->
