<?xml version="1.0" encoding="UTF-8"?>
<testng-results skipped="0" failed="0" ignored="0" total="4" passed="4">
  <reporter-output>
  </reporter-output>
  <suite name="Suite" duration-ms="40460" started-at="2020-10-27T06:13:27Z" finished-at="2020-10-27T06:14:08Z">
    <groups>
    </groups>
    <test name="Test" duration-ms="40460" started-at="2020-10-27T06:13:27Z" finished-at="2020-10-27T06:14:08Z">
      <class name="SeleniumGrid.Grid.GoogleSearch">
        <test-method status="PASS" signature="Googlesearch2()[pri:0, instance:SeleniumGrid.Grid.GoogleSearch@51081592]" name="Googlesearch2" duration-ms="27080" started-at="2020-10-27T11:43:27Z" finished-at="2020-10-27T11:43:54Z">
          <reporter-output>
          </reporter-output>
        </test-method> <!-- Googlesearch2 -->
        <test-method status="PASS" signature="Googlesearch()[pri:0, instance:SeleniumGrid.Grid.GoogleSearch@51081592]" name="Googlesearch" duration-ms="22158" started-at="2020-10-27T11:43:27Z" finished-at="2020-10-27T11:43:49Z">
          <reporter-output>
          </reporter-output>
        </test-method> <!-- Googlesearch -->
        <test-method status="PASS" signature="Googlesearch1()[pri:0, instance:SeleniumGrid.Grid.GoogleSearch@51081592]" name="Googlesearch1" duration-ms="21473" started-at="2020-10-27T11:43:27Z" finished-at="2020-10-27T11:43:49Z">
          <reporter-output>
          </reporter-output>
        </test-method> <!-- Googlesearch1 -->
        <test-method status="PASS" signature="Googlesearch3()[pri:0, instance:SeleniumGrid.Grid.GoogleSearch@51081592]" name="Googlesearch3" duration-ms="18953" started-at="2020-10-27T11:43:49Z" finished-at="2020-10-27T11:44:08Z">
          <reporter-output>
          </reporter-output>
        </test-method> <!-- Googlesearch3 -->
      </class> <!-- SeleniumGrid.Grid.GoogleSearch -->
    </test> <!-- Test -->
  </suite> <!-- Suite -->
</testng-results>
