<?xml version="1.0" encoding="UTF-8"?>
<!-- Generated by org.testng.reporters.JUnitXMLReporter -->
<testsuite hostname="ITEM-S94966" ignored="0" name="Test" tests="4" failures="0" timestamp="26 Oct 2020 14:07:51 GMT" time="38.334" errors="0">
  <testcase name="Googlesearch" time="19.863" classname="SeleniumGrid.Grid.GoogleSearch"/>
  <testcase name="Googlesearch1" time="20.021" classname="SeleniumGrid.Grid.GoogleSearch"/>
  <testcase name="Googlesearch2" time="25.779" classname="SeleniumGrid.Grid.GoogleSearch"/>
  <testcase name="Googlesearch3" time="18.416" classname="SeleniumGrid.Grid.GoogleSearch"/>
</testsuite> <!-- Test -->
